Using pre-set license
Built from '2020.3/release' branch; Version is '2020.3.2f1 (8fd9074bf66c) revision 9427207'; Using compiler version '192528614'; Build Type 'Release'
OS: 'Windows 10 Home Single Language; OS build 22000.527; Version 2009; 64bit' Language: 'en' Physical Memory: 7985 MB
BatchMode: 1, IsHumanControllingUs: 0, StartBugReporterOnCrash: 0, Is64bit: 1, IsPro: 0

 COMMAND LINE ARGUMENTS:
D:\Unity hub\2020.3.2f1\Editor\Unity.exe
-adb2
-batchMode
-noUpm
-name
AssetImportWorker2
-projectPath
D:/Github/APOGEE22/APOGEE'22
-logFile
Logs/AssetImportWorker2.log
-srvPort
58671
Successfully changed project path to: D:/Github/APOGEE22/APOGEE'22
D:/Github/APOGEE22/APOGEE'22
Using Asset Import Pipeline V2.
Refreshing native plugins compatible for Editor in 53.77 ms, found 10 plugins.
Preloading 1 native plugins for Editor in 0.92 ms.
Initialize engine version: 2020.3.2f1 (8fd9074bf66c)
[Subsystems] Discovering subsystems at path D:/Unity hub/2020.3.2f1/Editor/Data/Resources/UnitySubsystems
[Subsystems] Discovering subsystems at path D:/Github/APOGEE22/APOGEE'22/Assets
GfxDevice: creating device client; threaded=0
Direct3D:
    Version:  Direct3D 11.0 [level 11.1]
    Renderer: NVIDIA GeForce GTX 1650 (ID=0x1f99)
    Vendor:   
    VRAM:     3962 MB
    Driver:   30.0.15.1123
Initialize mono
Mono path[0] = 'D:/Unity hub/2020.3.2f1/Editor/Data/Managed'
Mono path[1] = 'D:/Unity hub/2020.3.2f1/Editor/Data/MonoBleedingEdge/lib/mono/unityjit'
Mono config path = 'D:/Unity hub/2020.3.2f1/Editor/Data/MonoBleedingEdge/etc'
Using monoOptions --debugger-agent=transport=dt_socket,embedding=1,server=y,suspend=n,address=127.0.0.1:56664
Begin MonoManager ReloadAssembly
Registering precompiled unity dll's ...
Register platform support module: D:/Unity hub/2020.3.2f1/Editor/Data/PlaybackEngines/WebGLSupport/UnityEditor.WebGL.Extensions.dll
Register platform support module: D:/Unity hub/2020.3.2f1/Editor/Data/PlaybackEngines/WindowsStandaloneSupport/UnityEditor.WindowsStandalone.Extensions.dll
Registered in 0.000999 seconds.
Native extension for WindowsStandalone target not found
Native extension for WebGL target not found
Refreshing native plugins compatible for Editor in 41.61 ms, found 10 plugins.
Preloading 1 native plugins for Editor in 0.04 ms.
Invoked RoslynAnalysisRunner static constructor.
RoslynAnalysisRunner will not be running.
RoslynAnalysisRunner has terminated.
Mono: successfully reloaded assembly
- Completed reload, in  1.037 seconds
Platform modules already initialized, skipping
Registering precompiled user dll's ...
Registered in 0.005615 seconds.
Begin MonoManager ReloadAssembly
Native extension for WindowsStandalone target not found
Native extension for WebGL target not found
Refreshing native plugins compatible for Editor in 39.95 ms, found 10 plugins.
Preloading 1 native plugins for Editor in 0.04 ms.
Invoked RoslynAnalysisRunner static constructor.
RoslynAnalysisRunner will not be running.
RoslynAnalysisRunner has terminated.
[XR] OculusXRPlugin: registering subsystems
[XR] Unable to register display lifecyle provider: [1]
[XR] Oculus Input lifecycle provider registered.
[XR] Unable to register input lifecyle provider: [1]
NullReferenceException: Object reference not set to an instance of an object
  at Unity.XR.Oculus.OculusLoader.AssetPathToAbsolutePath (System.String assetPath) [0x00048] in D:\Github\APOGEE22\APOGEE'22\Library\PackageCache\com.unity.xr.oculus@1.10.0\Runtime\OculusLoader.cs:250 
  at Unity.XR.Oculus.OculusLoader.EditorLoadOVRPlugin () [0x0007b] in D:\Github\APOGEE22\APOGEE'22\Library\PackageCache\com.unity.xr.oculus@1.10.0\Runtime\OculusLoader.cs:235 

(Filename: Library/PackageCache/com.unity.xr.oculus@1.10.0/Runtime/OculusLoader.cs Line: 250)

Mono: successfully reloaded assembly
- Completed reload, in  2.924 seconds
Platform modules already initialized, skipping
========================================================================
Worker process is ready to serve import requests
Launched and connected shader compiler UnityShaderCompiler.exe after 0.06 seconds
Refreshing native plugins compatible for Editor in 1.03 ms, found 10 plugins.
Preloading 1 native plugins for Editor in 0.06 ms.
Unloading 2507 Unused Serialized files (Serialized files now loaded: 0)
System memory in use before: 101.8 MB.
System memory in use after: 102.0 MB.

Unloading 62 unused Assets to reduce memory usage. Loaded Objects now: 2934.
Total: 6.771200 ms (FindLiveObjects: 0.599200 ms CreateObjectMapping: 0.451900 ms MarkObjects: 5.566300 ms  DeleteObjects: 0.151300 ms)

========================================================================
Received Import Request.
  path: Assets/Scenes/MainScene.scenetemplate
  artifactKey: Guid(0b98e32d658a543e4b1bd57d5f6a1079) Importer(815301076,1909f56bfc062723c751e8b465ee728b)
Start importing Assets/Scenes/MainScene.scenetemplate using Guid(0b98e32d658a543e4b1bd57d5f6a1079) Importer(815301076,1909f56bfc062723c751e8b465ee728b)  -> (artifact id: 'a25ea8f5812657a8b77bead21356cf48') in 0.067355 seconds
  Import took 0.070863 seconds .

========================================================================
Received Import Request.
  Time since last request: 0.000255 seconds.
  path: Assets/Samples/XR Interaction Toolkit/2.0.0-pre.6/Default Input Actions/XRI Default Left Controller.preset
  artifactKey: Guid(ffd8268f7307a0c48a067dad4a8fe060) Importer(815301076,1909f56bfc062723c751e8b465ee728b)
Start importing Assets/Samples/XR Interaction Toolkit/2.0.0-pre.6/Default Input Actions/XRI Default Left Controller.preset using Guid(ffd8268f7307a0c48a067dad4a8fe060) Importer(815301076,1909f56bfc062723c751e8b465ee728b)  -> (artifact id: '3ab547c21b0970756c528af555dc70dc') in 0.063312 seconds
  Import took 0.090204 seconds .

========================================================================
Received Import Request.
  Time since last request: 0.000231 seconds.
  path: Assets/Samples/XR Interaction Toolkit/2.0.0-pre.6
  artifactKey: Guid(483adbb40ee074c1bb4f041598056203) Importer(815301076,1909f56bfc062723c751e8b465ee728b)
Start importing Assets/Samples/XR Interaction Toolkit/2.0.0-pre.6 using Guid(483adbb40ee074c1bb4f041598056203) Importer(815301076,1909f56bfc062723c751e8b465ee728b)  -> (artifact id: 'f758ca5fe2bf6edc74f1f2b587d68300') in 0.010432 seconds
  Import took 0.048106 seconds .

========================================================================
Received Import Request.
  Time since last request: 0.000192 seconds.
  path: Assets/Samples/XR Interaction Toolkit/2.0.0-pre.6/Default Input Actions/XRI Default Input Actions.inputactions
  artifactKey: Guid(c348712bda248c246b8c49b3db54643f) Importer(815301076,1909f56bfc062723c751e8b465ee728b)
Start importing Assets/Samples/XR Interaction Toolkit/2.0.0-pre.6/Default Input Actions/XRI Default Input Actions.inputactions using Guid(c348712bda248c246b8c49b3db54643f) Importer(815301076,1909f56bfc062723c751e8b465ee728b)  -> (artifact id: '32353bd31f50210238642ffecf320506') in 0.016733 seconds
  Import took 0.032954 seconds .

========================================================================
Received Import Request.
  Time since last request: 0.000186 seconds.
  path: Assets/XR
  artifactKey: Guid(7ca1cf44f38e64ee2acc5dc7029b6949) Importer(815301076,1909f56bfc062723c751e8b465ee728b)
Start importing Assets/XR using Guid(7ca1cf44f38e64ee2acc5dc7029b6949) Importer(815301076,1909f56bfc062723c751e8b465ee728b)  -> (artifact id: '22ec785504f52712d3b9639b17291837') in 0.006500 seconds
  Import took 0.009905 seconds .

========================================================================
Received Import Request.
  Time since last request: 0.000226 seconds.
  path: Assets/Samples/XR Interaction Toolkit/2.0.0-pre.6/Default Input Actions/XRI Default Continuous Turn.preset
  artifactKey: Guid(0caad3af14f9a414dbdf25ed41e5aa47) Importer(815301076,1909f56bfc062723c751e8b465ee728b)
Start importing Assets/Samples/XR Interaction Toolkit/2.0.0-pre.6/Default Input Actions/XRI Default Continuous Turn.preset using Guid(0caad3af14f9a414dbdf25ed41e5aa47) Importer(815301076,1909f56bfc062723c751e8b465ee728b)  -> (artifact id: '755d15b0b8017c7ef839285dad4b4a0b') in 0.019501 seconds
  Import took 0.023303 seconds .

========================================================================
Received Import Request.
  Time since last request: 0.000369 seconds.
  path: Assets/Scenes/MainScene.unity
  artifactKey: Guid(a2ba44019e2a540deb4507337c25a844) Importer(815301076,1909f56bfc062723c751e8b465ee728b)
Start importing Assets/Scenes/MainScene.unity using Guid(a2ba44019e2a540deb4507337c25a844) Importer(815301076,1909f56bfc062723c751e8b465ee728b)  -> (artifact id: '5a8f076a74d003229afca7bd4898f638') in 0.006090 seconds
  Import took 0.010066 seconds .

========================================================================
Received Import Request.
  Time since last request: 0.000173 seconds.
  path: Assets/Samples/XR Interaction Toolkit/2.0.0-pre.6/Default Input Actions
  artifactKey: Guid(38c5dc0698fea4666b0556fc4e81dc52) Importer(815301076,1909f56bfc062723c751e8b465ee728b)
Start importing Assets/Samples/XR Interaction Toolkit/2.0.0-pre.6/Default Input Actions using Guid(38c5dc0698fea4666b0556fc4e81dc52) Importer(815301076,1909f56bfc062723c751e8b465ee728b)  -> (artifact id: 'e04ce2f8098bcb9a6a5a0813ba8b5bfe') in 0.007826 seconds
  Import took 0.012111 seconds .

========================================================================
Received Import Request.
  Time since last request: 0.000227 seconds.
  path: Assets/Samples/XR Interaction Toolkit
  artifactKey: Guid(f1c1605f5af3e49468bc445bf6a9731d) Importer(815301076,1909f56bfc062723c751e8b465ee728b)
Start importing Assets/Samples/XR Interaction Toolkit using Guid(f1c1605f5af3e49468bc445bf6a9731d) Importer(815301076,1909f56bfc062723c751e8b465ee728b)  -> (artifact id: '66de111e4cb41c4b52cad4905cf2f0cc') in 0.006606 seconds
  Import took 0.009814 seconds .

========================================================================
Received Import Request.
  Time since last request: 0.000252 seconds.
  path: Assets/Scenes
  artifactKey: Guid(a1fc5e2914e3e4dd4a184b55e9f89071) Importer(815301076,1909f56bfc062723c751e8b465ee728b)
Start importing Assets/Scenes using Guid(a1fc5e2914e3e4dd4a184b55e9f89071) Importer(815301076,1909f56bfc062723c751e8b465ee728b)  -> (artifact id: '29dbf2ff12290c2f0066420a531c4b28') in 0.006553 seconds
  Import took 0.009794 seconds .

AssetImportWorkerClient::OnTransportError - code=2 error=End of file
